<?xml version="1.0" ?>
<coverage branch-rate="0.7541" branches-covered="368" branches-valid="488" complexity="0" line-rate="0.883" lines-covered="1177" lines-valid="1333" timestamp="1640513662355" version="6.2">
	<!-- Generated by coverage.py: https://coverage.readthedocs.io -->
	<!-- Based on https://raw.githubusercontent.com/cobertura/web/master/htdocs/xml/coverage-04.dtd -->
	<sources>
		<source>D:\Workspace\beautifultable\beautifultable</source>
	</sources>
	<packages>
		<package branch-rate="0.7541" complexity="0" line-rate="0.883" name=".">
			<classes>
				<class branch-rate="1" complexity="0" filename="__init__.py" line-rate="1" name="__init__.py">
					<methods/>
					<lines>
						<line hits="1" number="1"/>
						<line hits="1" number="2"/>
						<line hits="1" number="3"/>
						<line hits="1" number="5"/>
						<line hits="1" number="14"/>
						<line hits="1" number="15"/>
						<line hits="1" number="18"/>
						<line branch="true" condition-coverage="100% (2/2)" hits="1" number="32"/>
						<line branch="true" condition-coverage="100% (2/2)" hits="1" number="33"/>
						<line hits="1" number="39"/>
						<line hits="1" number="40"/>
					</lines>
				</class>
				<class branch-rate="1" complexity="0" filename="__version__.py" line-rate="1" name="__version__.py">
					<methods/>
					<lines>
						<line hits="1" number="1"/>
						<line hits="1" number="2"/>
						<line hits="1" number="3"/>
						<line hits="1" number="4"/>
						<line hits="1" number="5"/>
						<line hits="1" number="6"/>
						<line hits="1" number="7"/>
						<line hits="1" number="8"/>
					</lines>
				</class>
				<class branch-rate="0.6579" complexity="0" filename="ansi.py" line-rate="0.7284" name="ansi.py">
					<methods/>
					<lines>
						<line hits="1" number="3"/>
						<line hits="1" number="6"/>
						<line hits="1" number="8"/>
						<line hits="1" number="9"/>
						<line hits="1" number="13"/>
						<line branch="true" condition-coverage="100% (2/2)" hits="1" number="16"/>
						<line hits="1" number="18"/>
						<line hits="1" number="19"/>
						<line hits="1" number="21"/>
						<line hits="1" number="22"/>
						<line hits="1" number="23"/>
						<line hits="1" number="24"/>
						<line hits="1" number="25"/>
						<line hits="1" number="27"/>
						<line branch="true" condition-coverage="100% (2/2)" hits="1" number="29"/>
						<line branch="true" condition-coverage="100% (2/2)" hits="1" number="30"/>
						<line branch="true" condition-coverage="100% (2/2)" hits="1" number="31"/>
						<line branch="true" condition-coverage="100% (2/2)" hits="1" number="32"/>
						<line hits="1" number="33"/>
						<line hits="1" number="35"/>
						<line hits="1" number="37"/>
						<line branch="true" condition-coverage="100% (2/2)" hits="1" number="38"/>
						<line hits="1" number="39"/>
						<line branch="true" condition-coverage="50% (1/2)" hits="1" missing-branches="41" number="40"/>
						<line hits="0" number="41"/>
						<line hits="1" number="46"/>
						<line hits="1" number="47"/>
						<line hits="1" number="48"/>
						<line hits="1" number="49"/>
						<line hits="1" number="51"/>
						<line hits="0" number="52"/>
						<line hits="1" number="54"/>
						<line branch="true" condition-coverage="0% (0/2)" hits="0" missing-branches="56,59" number="55"/>
						<line branch="true" condition-coverage="0% (0/2)" hits="0" missing-branches="57,58" number="56"/>
						<line hits="0" number="57"/>
						<line hits="0" number="58"/>
						<line branch="true" condition-coverage="0% (0/2)" hits="0" missing-branches="60,61" number="59"/>
						<line hits="0" number="60"/>
						<line hits="0" number="61"/>
						<line hits="1" number="67"/>
						<line hits="0" number="68"/>
						<line hits="0" number="69"/>
						<line branch="true" condition-coverage="0% (0/2)" hits="0" missing-branches="71,80" number="70"/>
						<line hits="0" number="71"/>
						<line branch="true" condition-coverage="0% (0/2)" hits="0" missing-branches="74,76" number="73"/>
						<line hits="0" number="74"/>
						<line hits="0" number="76"/>
						<line hits="0" number="77"/>
						<line hits="0" number="78"/>
						<line hits="0" number="79"/>
						<line branch="true" condition-coverage="0% (0/2)" hits="0" missing-branches="81,82" number="80"/>
						<line hits="0" number="81"/>
						<line hits="0" number="82"/>
						<line hits="1" number="84"/>
						<line hits="1" number="86"/>
						<line hits="1" number="88"/>
						<line hits="1" number="90"/>
						<line hits="1" number="91"/>
						<line hits="1" number="92"/>
						<line hits="1" number="93"/>
						<line branch="true" condition-coverage="100% (2/2)" hits="1" number="94"/>
						<line branch="true" condition-coverage="100% (2/2)" hits="1" number="95"/>
						<line branch="true" condition-coverage="100% (2/2)" hits="1" number="96"/>
						<line hits="1" number="97"/>
						<line hits="1" number="98"/>
						<line hits="1" number="99"/>
						<line hits="1" number="100"/>
						<line hits="1" number="101"/>
						<line hits="1" number="102"/>
						<line hits="1" number="103"/>
						<line branch="true" condition-coverage="100% (2/2)" hits="1" number="105"/>
						<line hits="1" number="106"/>
						<line hits="1" number="108"/>
						<line hits="1" number="109"/>
						<line hits="1" number="110"/>
						<line hits="1" number="111"/>
						<line branch="true" condition-coverage="100% (2/2)" hits="1" number="112"/>
						<line hits="1" number="113"/>
						<line branch="true" condition-coverage="100% (2/2)" hits="1" number="114"/>
						<line hits="1" number="115"/>
						<line hits="1" number="116"/>
					</lines>
				</class>
				<class branch-rate="0.8" complexity="0" filename="base.py" line-rate="0.8659" name="base.py">
					<methods/>
					<lines>
						<line hits="1" number="1"/>
						<line hits="1" number="2"/>
						<line branch="true" condition-coverage="100% (2/2)" hits="1" number="5"/>
						<line hits="1" number="6"/>
						<line hits="1" number="7"/>
						<line hits="1" number="8"/>
						<line hits="1" number="10"/>
						<line hits="1" number="12"/>
						<line hits="1" number="14"/>
						<line hits="1" number="16"/>
						<line hits="1" number="18"/>
						<line hits="1" number="20"/>
						<line hits="1" number="22"/>
						<line hits="1" number="23"/>
						<line hits="1" number="25"/>
						<line hits="1" number="26"/>
						<line hits="1" number="28"/>
						<line hits="0" number="29"/>
						<line hits="1" number="31"/>
						<line hits="0" number="32"/>
						<line branch="true" condition-coverage="0% (0/2)" hits="0" missing-branches="exit,34" number="33"/>
						<line hits="0" number="34"/>
						<line hits="1" number="36"/>
						<line branch="true" condition-coverage="50% (1/2)" hits="1" missing-branches="38" number="37"/>
						<line hits="0" number="38"/>
						<line branch="true" condition-coverage="100% (2/2)" hits="1" number="39"/>
						<line branch="true" condition-coverage="100% (2/2)" hits="1" number="40"/>
						<line hits="1" number="41"/>
						<line hits="1" number="42"/>
						<line hits="1" number="44"/>
						<line hits="1" number="46"/>
						<line hits="1" number="48"/>
						<line hits="0" number="49"/>
						<line hits="1" number="51"/>
						<line hits="1" number="52"/>
						<line hits="1" number="54"/>
						<line hits="1" number="55"/>
						<line hits="1" number="57"/>
						<line hits="0" number="58"/>
						<line hits="1" number="60"/>
						<line hits="0" number="61"/>
						<line hits="1" number="63"/>
						<line hits="1" number="64"/>
						<line hits="1" number="66"/>
						<line hits="0" number="67"/>
						<line hits="1" number="69"/>
						<line hits="0" number="70"/>
						<line hits="1" number="72"/>
						<line hits="1" number="74"/>
						<line hits="1" number="75"/>
						<line hits="1" number="76"/>
						<line hits="1" number="77"/>
						<line hits="1" number="79"/>
						<line hits="1" number="81"/>
						<line hits="1" number="83"/>
						<line hits="1" number="85"/>
						<line hits="1" number="87"/>
						<line hits="1" number="88"/>
						<line hits="1" number="90"/>
						<line branch="true" condition-coverage="50% (1/2)" hits="1" missing-branches="92" number="91"/>
						<line hits="0" number="92"/>
						<line hits="1" number="97"/>
						<line hits="1" number="99"/>
						<line hits="1" number="103"/>
						<line branch="true" condition-coverage="100% (2/2)" hits="1" number="108"/>
						<line hits="1" number="109"/>
						<line hits="1" number="110"/>
						<line hits="1" number="112"/>
						<line hits="1" number="113"/>
						<line hits="1" number="115"/>
						<line branch="true" condition-coverage="100% (2/2)" hits="1" number="116"/>
						<line hits="1" number="117"/>
						<line hits="1" number="118"/>
						<line branch="true" condition-coverage="100% (2/2)" hits="1" number="121"/>
						<line hits="1" number="122"/>
						<line hits="1" number="123"/>
						<line hits="1" number="125"/>
						<line hits="1" number="126"/>
						<line hits="1" number="128"/>
						<line branch="true" condition-coverage="100% (2/2)" hits="1" number="129"/>
						<line hits="1" number="130"/>
						<line hits="1" number="131"/>
					</lines>
				</class>
				<class branch-rate="0.75" complexity="0" filename="beautifultable.py" line-rate="0.8944" name="beautifultable.py">
					<methods/>
					<lines>
						<line hits="1" number="28"/>
						<line hits="1" number="30"/>
						<line hits="1" number="31"/>
						<line hits="1" number="32"/>
						<line hits="1" number="34"/>
						<line hits="1" number="36"/>
						<line hits="1" number="44"/>
						<line hits="1" number="45"/>
						<line hits="1" number="46"/>
						<line hits="1" number="54"/>
						<line branch="true" condition-coverage="100% (2/2)" hits="1" number="64"/>
						<line hits="1" number="116"/>
						<line hits="1" number="133"/>
						<line hits="1" number="134"/>
						<line hits="1" number="135"/>
						<line hits="1" number="136"/>
						<line hits="1" number="138"/>
						<line hits="1" number="139"/>
						<line hits="1" number="140"/>
						<line hits="1" number="141"/>
						<line hits="1" number="143"/>
						<line hits="1" number="144"/>
						<line hits="1" number="146"/>
						<line hits="1" number="147"/>
						<line hits="1" number="148"/>
						<line hits="1" number="149"/>
						<line hits="1" number="152"/>
						<line branch="true" condition-coverage="100% (2/2)" hits="1" number="153"/>
						<line hits="1" number="156"/>
						<line branch="true" condition-coverage="100% (2/2)" hits="1" number="157"/>
						<line branch="true" condition-coverage="100% (3/3)" hits="1" number="160"/>
						<line hits="1" number="179"/>
						<line branch="true" condition-coverage="100% (2/2)" hits="1" number="182"/>
						<line hits="1" number="183"/>
						<line branch="true" condition-coverage="100% (2/2)" hits="1" number="184"/>
						<line hits="1" number="185"/>
						<line hits="1" number="186"/>
						<line hits="1" number="187"/>
						<line hits="1" number="189"/>
						<line hits="1" number="190"/>
						<line hits="1" number="192"/>
						<line branch="true" condition-coverage="100% (2/2)" hits="1" number="196"/>
						<line hits="1" number="240"/>
						<line hits="1" number="241"/>
						<line hits="1" number="242"/>
						<line hits="1" number="243"/>
						<line hits="1" number="244"/>
						<line hits="1" number="245"/>
						<line hits="1" number="258"/>
						<line branch="true" condition-coverage="50% (1/2)" hits="1" missing-branches="260" number="259"/>
						<line hits="0" number="260"/>
						<line hits="1" number="262"/>
						<line branch="true" condition-coverage="50% (1/2)" hits="1" missing-branches="264" number="263"/>
						<line hits="0" number="264"/>
						<line hits="1" number="266"/>
						<line branch="true" condition-coverage="50% (1/2)" hits="1" missing-branches="268" number="267"/>
						<line hits="0" number="268"/>
						<line hits="1" number="270"/>
						<line hits="1" number="271"/>
						<line hits="1" number="272"/>
						<line hits="1" number="273"/>
						<line hits="1" number="275"/>
						<line hits="1" number="276"/>
						<line hits="1" number="278"/>
						<line hits="1" number="279"/>
						<line hits="1" number="281"/>
						<line hits="1" number="282"/>
						<line hits="1" number="284"/>
						<line hits="1" number="285"/>
						<line hits="1" number="286"/>
						<line hits="1" number="287"/>
						<line hits="1" number="288"/>
						<line hits="1" number="289"/>
						<line hits="1" number="291"/>
						<line hits="0" number="292"/>
						<line branch="true" condition-coverage="0% (0/2)" hits="0" missing-branches="exit,295" number="293"/>
						<line hits="0" number="295"/>
						<line hits="0" number="296"/>
						<line hits="0" number="298"/>
						<line hits="0" number="299"/>
						<line hits="0" number="300"/>
						<line hits="0" number="301"/>
						<line hits="0" number="302"/>
						<line hits="0" number="303"/>
						<line hits="0" number="305"/>
						<line branch="true" condition-coverage="0% (0/2)" hits="0" missing-branches="307,309" number="306"/>
						<line hits="0" number="307"/>
						<line hits="0" number="309"/>
						<line hits="1" number="311"/>
						<line hits="1" number="312"/>
						<line branch="true" condition-coverage="100% (2/2)" hits="1" number="313"/>
						<line hits="1" number="317"/>
						<line hits="1" number="318"/>
						<line hits="1" number="320"/>
						<line hits="1" number="321"/>
						<line hits="1" number="322"/>
						<line hits="1" number="323"/>
						<line hits="1" number="324"/>
						<line hits="1" number="325"/>
						<line hits="1" number="327"/>
						<line branch="true" condition-coverage="100% (2/2)" hits="1" number="328"/>
						<line hits="1" number="329"/>
						<line hits="1" number="331"/>
						<line hits="1" number="333"/>
						<line hits="1" number="334"/>
						<line branch="true" condition-coverage="50% (1/2)" hits="1" missing-branches="356" number="355"/>
						<line hits="0" number="356"/>
						<line hits="0" number="360"/>
						<line hits="1" number="361"/>
						<line hits="1" number="363"/>
						<line hits="1" number="372"/>
						<line hits="1" number="380"/>
						<line hits="1" number="396"/>
						<line hits="0" number="397"/>
						<line hits="1" number="399"/>
						<line branch="true" condition-coverage="100% (2/2)" hits="1" number="400"/>
						<line hits="1" number="401"/>
						<line hits="1" number="403"/>
						<line branch="true" condition-coverage="100% (2/2)" hits="1" number="404"/>
						<line hits="1" number="405"/>
						<line hits="1" number="407"/>
						<line hits="1" number="410"/>
						<line hits="0" number="413"/>
						<line hits="1" number="415"/>
						<line hits="1" number="433"/>
						<line hits="1" number="435"/>
						<line branch="true" condition-coverage="50% (1/2)" hits="1" missing-branches="438" number="437"/>
						<line branch="true" condition-coverage="0% (0/2)" hits="0" missing-branches="exit,441" number="438"/>
						<line hits="0" number="441"/>
						<line hits="0" number="442"/>
						<line hits="1" number="443"/>
						<line hits="1" number="445"/>
						<line hits="1" number="453"/>
						<line hits="1" number="455"/>
						<line hits="1" number="457"/>
						<line hits="1" number="474"/>
						<line hits="1" number="477"/>
						<line hits="1" number="479"/>
						<line hits="1" number="481"/>
						<line hits="1" number="483"/>
						<line hits="1" number="484"/>
						<line hits="1" number="488"/>
						<line hits="1" number="489"/>
						<line hits="1" number="493"/>
						<line hits="1" number="494"/>
						<line hits="1" number="498"/>
						<line hits="1" number="499"/>
						<line hits="1" number="503"/>
						<line hits="1" number="504"/>
						<line hits="1" number="508"/>
						<line hits="1" number="509"/>
						<line hits="1" number="513"/>
						<line hits="0" number="521"/>
						<line hits="0" number="522"/>
						<line hits="0" number="523"/>
						<line hits="0" number="524"/>
						<line hits="0" number="525"/>
						<line hits="1" number="527"/>
						<line hits="1" number="529"/>
						<line hits="1" number="531"/>
						<line hits="1" number="532"/>
						<line hits="1" number="536"/>
						<line hits="1" number="537"/>
						<line hits="1" number="541"/>
						<line hits="1" number="542"/>
						<line hits="1" number="551"/>
						<line hits="1" number="552"/>
						<line hits="1" number="556"/>
						<line hits="1" number="557"/>
						<line hits="1" number="561"/>
						<line hits="1" number="562"/>
						<line hits="1" number="566"/>
						<line hits="1" number="567"/>
						<line hits="1" number="571"/>
						<line hits="1" number="572"/>
						<line hits="1" number="576"/>
						<line hits="1" number="577"/>
						<line hits="1" number="581"/>
						<line hits="1" number="582"/>
						<line hits="1" number="586"/>
						<line hits="1" number="587"/>
						<line hits="1" number="591"/>
						<line hits="1" number="592"/>
						<line hits="1" number="596"/>
						<line hits="1" number="597"/>
						<line hits="1" number="601"/>
						<line hits="1" number="602"/>
						<line hits="1" number="606"/>
						<line hits="1" number="607"/>
						<line hits="1" number="611"/>
						<line hits="1" number="612"/>
						<line hits="1" number="616"/>
						<line hits="1" number="617"/>
						<line hits="1" number="621"/>
						<line hits="1" number="622"/>
						<line hits="1" number="626"/>
						<line hits="1" number="627"/>
						<line hits="1" number="631"/>
						<line hits="1" number="642"/>
						<line hits="1" number="654"/>
						<line hits="1" number="668"/>
						<line hits="1" number="677"/>
						<line hits="1" number="686"/>
						<line hits="1" number="695"/>
						<line hits="1" number="699"/>
						<line hits="1" number="703"/>
						<line hits="1" number="707"/>
						<line hits="1" number="711"/>
						<line hits="1" number="715"/>
						<line hits="1" number="719"/>
						<line hits="1" number="723"/>
						<line hits="1" number="727"/>
						<line hits="1" number="731"/>
						<line hits="1" number="735"/>
						<line hits="1" number="739"/>
						<line branch="true" condition-coverage="50% (1/2)" hits="1" missing-branches="762" number="761"/>
						<line branch="true" condition-coverage="0% (0/2)" hits="0" missing-branches="exit,763" number="762"/>
						<line hits="0" number="763"/>
						<line hits="0" number="764"/>
						<line hits="1" number="765"/>
						<line hits="1" number="766"/>
						<line hits="1" number="767"/>
						<line hits="1" number="768"/>
						<line hits="1" number="769"/>
						<line hits="1" number="771"/>
						<line hits="1" number="772"/>
						<line hits="1" number="773"/>
						<line hits="1" number="774"/>
						<line hits="1" number="776"/>
						<line hits="1" number="777"/>
						<line hits="1" number="779"/>
						<line hits="1" number="780"/>
						<line hits="1" number="781"/>
						<line hits="1" number="783"/>
						<line hits="1" number="784"/>
						<line hits="1" number="785"/>
						<line hits="1" number="786"/>
						<line hits="1" number="787"/>
						<line hits="1" number="788"/>
						<line hits="1" number="790"/>
						<line hits="1" number="792"/>
						<line hits="1" number="793"/>
						<line branch="true" condition-coverage="100% (2/2)" hits="1" number="794"/>
						<line branch="true" condition-coverage="100% (2/2)" hits="1" number="795"/>
						<line hits="1" number="796"/>
						<line hits="1" number="797"/>
						<line branch="true" condition-coverage="100% (2/2)" hits="1" number="799"/>
						<line hits="1" number="800"/>
						<line branch="true" condition-coverage="100% (2/2)" hits="1" number="801"/>
						<line hits="1" number="804"/>
						<line hits="1" number="810"/>
						<line hits="1" number="811"/>
						<line branch="true" condition-coverage="100% (2/2)" hits="1" number="813"/>
						<line hits="1" number="814"/>
						<line branch="true" condition-coverage="100% (2/2)" hits="1" number="815"/>
						<line branch="true" condition-coverage="100% (2/2)" hits="1" number="816"/>
						<line hits="1" number="819"/>
						<line hits="1" number="825"/>
						<line hits="1" number="826"/>
						<line hits="1" number="828"/>
						<line hits="1" number="829"/>
						<line hits="1" number="832"/>
						<line hits="1" number="833"/>
						<line branch="true" condition-coverage="100% (2/2)" hits="1" number="834"/>
						<line branch="true" condition-coverage="100% (2/2)" hits="1" number="835"/>
						<line hits="1" number="836"/>
						<line hits="1" number="837"/>
						<line hits="1" number="840"/>
						<line hits="1" number="842"/>
						<line hits="1" number="843"/>
						<line hits="1" number="844"/>
						<line branch="true" condition-coverage="100% (2/2)" hits="1" number="848"/>
						<line hits="1" number="849"/>
						<line branch="true" condition-coverage="100% (2/2)" hits="1" number="850"/>
						<line hits="1" number="851"/>
						<line branch="true" condition-coverage="100% (2/2)" hits="1" number="852"/>
						<line hits="1" number="853"/>
						<line hits="1" number="854"/>
						<line branch="true" condition-coverage="100% (2/2)" hits="1" number="857"/>
						<line hits="1" number="858"/>
						<line hits="1" number="859"/>
						<line branch="true" condition-coverage="100% (2/2)" hits="1" number="861"/>
						<line branch="true" condition-coverage="100% (2/2)" hits="1" number="862"/>
						<line hits="1" number="863"/>
						<line hits="1" number="864"/>
						<line hits="1" number="865"/>
						<line branch="true" condition-coverage="100% (2/2)" hits="1" number="866"/>
						<line hits="1" number="867"/>
						<line hits="1" number="868"/>
						<line branch="true" condition-coverage="100% (2/2)" hits="1" number="870"/>
						<line hits="1" number="871"/>
						<line hits="1" number="873"/>
						<line hits="1" number="878"/>
						<line hits="0" number="880"/>
						<line hits="1" number="882"/>
						<line hits="1" number="903"/>
						<line hits="1" number="923"/>
						<line branch="true" condition-coverage="50% (1/2)" hits="1" missing-branches="928" number="925"/>
						<line hits="1" number="926"/>
						<line hits="1" number="928"/>
						<line hits="1" number="929"/>
						<line hits="0" number="930"/>
						<line hits="0" number="931"/>
						<line branch="true" condition-coverage="50% (1/2)" hits="1" missing-branches="934" number="933"/>
						<line hits="0" number="934"/>
						<line branch="true" condition-coverage="50% (1/2)" hits="1" missing-branches="980" number="938"/>
						<line hits="1" number="940"/>
						<line branch="true" condition-coverage="50% (1/2)" hits="1" missing-branches="949" number="941"/>
						<line branch="true" condition-coverage="50% (1/2)" hits="1" missing-branches="949" number="942"/>
						<line hits="1" number="943"/>
						<line branch="true" condition-coverage="100% (2/2)" hits="1" number="947"/>
						<line hits="1" number="948"/>
						<line hits="1" number="949"/>
						<line branch="true" condition-coverage="50% (1/2)" hits="1" missing-branches="959" number="951"/>
						<line branch="true" condition-coverage="50% (1/2)" hits="1" missing-branches="959" number="952"/>
						<line hits="1" number="953"/>
						<line branch="true" condition-coverage="100% (2/2)" hits="1" number="957"/>
						<line hits="1" number="958"/>
						<line hits="1" number="959"/>
						<line branch="true" condition-coverage="50% (1/2)" hits="1" missing-branches="980" number="961"/>
						<line branch="true" condition-coverage="50% (1/2)" hits="1" missing-branches="980" number="962"/>
						<line hits="1" number="963"/>
						<line branch="true" condition-coverage="100% (2/2)" hits="1" number="964"/>
						<line branch="true" condition-coverage="50% (1/2)" hits="1" missing-branches="966" number="965"/>
						<line branch="true" condition-coverage="0% (0/2)" hits="0" missing-branches="967,968" number="966"/>
						<line hits="0" number="967"/>
						<line hits="1" number="968"/>
						<line hits="1" number="969"/>
						<line branch="true" condition-coverage="100% (2/2)" hits="1" number="973"/>
						<line hits="1" number="975"/>
						<line hits="1" number="978"/>
						<line hits="1" number="980"/>
						<line hits="1" number="982"/>
						<line hits="1" number="983"/>
						<line hits="1" number="992"/>
						<line hits="1" number="993"/>
						<line hits="1" number="1002"/>
						<line hits="1" number="1003"/>
						<line hits="1" number="1012"/>
						<line hits="1" number="1013"/>
						<line hits="1" number="1022"/>
						<line branch="true" condition-coverage="100% (2/2)" hits="1" number="1033"/>
						<line hits="1" number="1034"/>
						<line hits="1" number="1035"/>
						<line hits="1" number="1036"/>
						<line hits="1" number="1037"/>
						<line hits="1" number="1038"/>
						<line hits="1" number="1039"/>
						<line hits="1" number="1041"/>
						<line hits="1" number="1045"/>
						<line branch="true" condition-coverage="100% (2/2)" hits="1" number="1046"/>
						<line branch="true" condition-coverage="100% (2/2)" hits="1" number="1050"/>
						<line branch="true" condition-coverage="50% (1/2)" hits="1" missing-branches="1061" number="1055"/>
						<line branch="true" condition-coverage="50% (1/2)" hits="1" missing-branches="1057" number="1056"/>
						<line hits="0" number="1057"/>
						<line branch="true" condition-coverage="100% (2/2)" hits="1" number="1061"/>
						<line hits="1" number="1062"/>
						<line branch="true" condition-coverage="100% (2/2)" hits="1" number="1064"/>
						<line hits="1" number="1065"/>
						<line branch="true" condition-coverage="50% (1/2)" hits="1" missing-branches="1072" number="1067"/>
						<line hits="1" number="1070"/>
						<line hits="1" number="1072"/>
						<line branch="true" condition-coverage="50% (1/2)" hits="1" missing-branches="1078" number="1074"/>
						<line hits="1" number="1075"/>
						<line hits="1" number="1078"/>
						<line branch="true" condition-coverage="100% (2/2)" hits="1" number="1079"/>
						<line hits="1" number="1080"/>
						<line branch="true" condition-coverage="50% (1/2)" hits="1" missing-branches="1087" number="1083"/>
						<line hits="1" number="1084"/>
						<line hits="1" number="1087"/>
						<line branch="true" condition-coverage="100% (2/2)" hits="1" number="1088"/>
						<line branch="true" condition-coverage="100% (2/2)" hits="1" number="1089"/>
						<line hits="1" number="1090"/>
						<line hits="1" number="1091"/>
						<line hits="1" number="1092"/>
						<line hits="1" number="1093"/>
						<line branch="true" condition-coverage="50% (1/2)" hits="1" missing-branches="1114" number="1095"/>
						<line hits="1" number="1097"/>
						<line branch="true" condition-coverage="100% (2/2)" hits="1" number="1098"/>
						<line branch="true" condition-coverage="100% (2/2)" hits="1" number="1099"/>
						<line hits="1" number="1100"/>
						<line hits="1" number="1101"/>
						<line branch="true" condition-coverage="50% (1/2)" hits="1" missing-branches="1103" number="1102"/>
						<line hits="0" number="1103"/>
						<line branch="true" condition-coverage="50% (1/2)" hits="1" missing-branches="1105" number="1104"/>
						<line hits="0" number="1105"/>
						<line hits="1" number="1107"/>
						<line hits="1" number="1108"/>
						<line branch="true" condition-coverage="50% (1/2)" hits="1" missing-branches="1111" number="1109"/>
						<line hits="1" number="1110"/>
						<line hits="1" number="1111"/>
						<line branch="true" condition-coverage="50% (1/2)" hits="1" missing-branches="1120" number="1114"/>
						<line hits="1" number="1115"/>
						<line hits="0" number="1116"/>
						<line hits="0" number="1117"/>
						<line branch="true" condition-coverage="100% (2/2)" hits="1" number="1120"/>
						<line hits="1" number="1121"/>
						<line branch="true" condition-coverage="100% (2/2)" hits="1" number="1123"/>
						<line hits="1" number="1124"/>
						<line branch="true" condition-coverage="33% (1/3)" hits="1" missing-branches="exit,1129" number="1126"/>
						<line branch="true" condition-coverage="33% (1/3)" hits="1" missing-branches="exit,1128" number="1127"/>
						<line branch="true" condition-coverage="0% (0/2)" hits="0" missing-branches="exit,1129" number="1128"/>
						<line hits="1" number="1129"/>
						<line hits="1" number="1131"/>
						<line branch="true" condition-coverage="100% (2/2)" hits="1" number="1152"/>
						<line hits="1" number="1153"/>
						<line hits="1" number="1155"/>
						<line hits="0" number="1157"/>
						<line hits="1" number="1159"/>
						<line branch="true" condition-coverage="100% (2/2)" hits="1" number="1168"/>
						<line hits="1" number="1169"/>
						<line hits="1" number="1175"/>
						<line hits="1" number="1176"/>
						<line branch="true" condition-coverage="66% (2/3)" hits="1" missing-branches="1181" number="1177"/>
						<line hits="1" number="1180"/>
						<line hits="1" number="1181"/>
						<line hits="1" number="1183"/>
						<line branch="true" condition-coverage="100% (2/2)" hits="1" number="1201"/>
						<line hits="1" number="1202"/>
						<line hits="1" number="1208"/>
						<line hits="1" number="1209"/>
						<line branch="true" condition-coverage="100% (2/2)" hits="1" number="1211"/>
						<line hits="1" number="1212"/>
						<line branch="true" condition-coverage="100% (2/2)" hits="1" number="1213"/>
						<line hits="1" number="1214"/>
						<line hits="1" number="1215"/>
					</lines>
				</class>
				<class branch-rate="1" complexity="0" filename="compat.py" line-rate="1" name="compat.py">
					<methods/>
					<lines>
						<line hits="1" number="1"/>
						<line hits="1" number="2"/>
						<line hits="1" number="4"/>
						<line hits="1" number="5"/>
					</lines>
				</class>
				<class branch-rate="1" complexity="0" filename="enums.py" line-rate="0.9298" name="enums.py">
					<methods/>
					<lines>
						<line hits="1" number="1"/>
						<line hits="1" number="2"/>
						<line hits="1" number="4"/>
						<line branch="true" condition-coverage="100% (2/2)" hits="1" number="20"/>
						<line hits="1" number="21"/>
						<line hits="1" number="22"/>
						<line hits="1" number="23"/>
						<line hits="1" number="25"/>
						<line hits="0" number="26"/>
						<line branch="true" condition-coverage="100% (2/2)" hits="1" number="29"/>
						<line hits="1" number="30"/>
						<line hits="1" number="31"/>
						<line hits="1" number="32"/>
						<line hits="1" number="34"/>
						<line hits="0" number="35"/>
						<line branch="true" condition-coverage="100% (2/2)" hits="1" number="38"/>
						<line hits="1" number="39"/>
						<line hits="1" number="40"/>
						<line hits="1" number="41"/>
						<line hits="1" number="43"/>
						<line hits="0" number="44"/>
						<line branch="true" condition-coverage="100% (2/2)" hits="1" number="47"/>
						<line hits="1" number="48"/>
						<line hits="1" number="49"/>
						<line hits="1" number="50"/>
						<line hits="1" number="51"/>
						<line hits="1" number="52"/>
						<line hits="1" number="53"/>
						<line hits="1" number="54"/>
						<line hits="1" number="55"/>
						<line hits="1" number="56"/>
						<line hits="1" number="57"/>
						<line hits="1" number="58"/>
						<line hits="1" number="59"/>
						<line hits="1" number="61"/>
						<line hits="0" number="62"/>
						<line hits="1" number="65"/>
						<line hits="1" number="66"/>
						<line hits="1" number="67"/>
						<line hits="1" number="68"/>
						<line hits="1" number="69"/>
						<line hits="1" number="70"/>
						<line hits="1" number="71"/>
						<line hits="1" number="72"/>
						<line hits="1" number="73"/>
						<line hits="1" number="74"/>
						<line hits="1" number="75"/>
						<line hits="1" number="76"/>
						<line hits="1" number="77"/>
						<line hits="1" number="78"/>
						<line hits="1" number="79"/>
						<line hits="1" number="80"/>
						<line hits="1" number="81"/>
						<line hits="1" number="82"/>
						<line hits="1" number="83"/>
						<line hits="1" number="84"/>
						<line hits="1" number="85"/>
					</lines>
				</class>
				<class branch-rate="0.7424" complexity="0" filename="helpers.py" line-rate="0.8618" name="helpers.py">
					<methods/>
					<lines>
						<line hits="1" number="1"/>
						<line hits="1" number="2"/>
						<line hits="1" number="3"/>
						<line hits="1" number="5"/>
						<line hits="1" number="6"/>
						<line hits="1" number="7"/>
						<line hits="1" number="8"/>
						<line hits="1" number="9"/>
						<line branch="true" condition-coverage="100% (2/2)" hits="1" number="12"/>
						<line hits="1" number="13"/>
						<line branch="true" condition-coverage="100% (2/2)" hits="1" number="14"/>
						<line hits="1" number="15"/>
						<line hits="1" number="16"/>
						<line hits="1" number="18"/>
						<line hits="0" number="19"/>
						<line hits="0" number="20"/>
						<line hits="1" number="22"/>
						<line branch="true" condition-coverage="50% (1/2)" hits="1" missing-branches="24" number="23"/>
						<line hits="0" number="24"/>
						<line branch="true" condition-coverage="100% (2/2)" hits="1" number="29"/>
						<line hits="1" number="30"/>
						<line branch="true" condition-coverage="100% (2/2)" hits="1" number="31"/>
						<line hits="1" number="32"/>
						<line hits="1" number="33"/>
						<line hits="1" number="34"/>
						<line hits="1" number="36"/>
						<line hits="1" number="46"/>
						<line hits="1" number="48"/>
						<line branch="true" condition-coverage="50% (1/2)" hits="1" missing-branches="53" number="50"/>
						<line hits="1" number="51"/>
						<line hits="1" number="52"/>
						<line branch="true" condition-coverage="0% (0/2)" hits="0" missing-branches="54,55" number="53"/>
						<line hits="0" number="54"/>
						<line hits="0" number="55"/>
						<line hits="1" number="57"/>
						<line hits="1" number="60"/>
						<line hits="1" number="62"/>
						<line hits="1" number="64"/>
						<line hits="1" number="66"/>
						<line hits="1" number="69"/>
						<line hits="1" number="71"/>
						<line hits="1" number="73"/>
						<line hits="1" number="75"/>
						<line hits="0" number="76"/>
						<line hits="0" number="77"/>
						<line hits="1" number="79"/>
						<line branch="true" condition-coverage="50% (1/2)" hits="1" missing-branches="81" number="80"/>
						<line hits="0" number="81"/>
						<line branch="true" condition-coverage="100% (2/2)" hits="1" number="86"/>
						<line hits="1" number="87"/>
						<line hits="1" number="88"/>
						<line hits="1" number="93"/>
						<line hits="1" number="107"/>
						<line hits="1" number="108"/>
						<line hits="1" number="109"/>
						<line hits="1" number="111"/>
						<line branch="true" condition-coverage="100% (2/2)" hits="1" number="113"/>
						<line hits="1" number="119"/>
						<line hits="1" number="120"/>
						<line branch="true" condition-coverage="100% (2/2)" hits="1" number="121"/>
						<line hits="1" number="122"/>
						<line hits="1" number="123"/>
						<line hits="1" number="124"/>
						<line hits="1" number="129"/>
						<line hits="1" number="130"/>
						<line branch="true" condition-coverage="50% (1/2)" hits="1" missing-branches="148" number="131"/>
						<line hits="1" number="134"/>
						<line branch="true" condition-coverage="100% (2/2)" hits="1" number="136"/>
						<line hits="1" number="137"/>
						<line hits="1" number="138"/>
						<line branch="true" condition-coverage="100% (2/2)" hits="1" number="140"/>
						<line hits="1" number="141"/>
						<line branch="true" condition-coverage="100% (2/2)" hits="1" number="142"/>
						<line hits="1" number="143"/>
						<line hits="1" number="144"/>
						<line hits="1" number="145"/>
						<line hits="1" number="146"/>
						<line hits="1" number="148"/>
						<line hits="1" number="150"/>
						<line hits="1" number="172"/>
						<line hits="1" number="173"/>
						<line branch="true" condition-coverage="100% (2/2)" hits="1" number="175"/>
						<line hits="1" number="176"/>
						<line branch="true" condition-coverage="100% (2/2)" hits="1" number="178"/>
						<line hits="1" number="179"/>
						<line hits="1" number="183"/>
						<line hits="1" number="184"/>
						<line hits="1" number="186"/>
						<line hits="1" number="195"/>
						<line hits="1" number="197"/>
						<line hits="1" number="198"/>
						<line hits="1" number="199"/>
						<line branch="true" condition-coverage="50% (1/2)" hits="1" missing-branches="204" number="201"/>
						<line hits="1" number="202"/>
						<line branch="true" condition-coverage="50% (1/2)" hits="1" missing-branches="207" number="204"/>
						<line hits="1" number="205"/>
						<line hits="1" number="207"/>
						<line hits="1" number="209"/>
						<line branch="true" condition-coverage="100% (2/2)" hits="1" number="210"/>
						<line branch="true" condition-coverage="50% (1/2)" hits="1" missing-branches="213" number="211"/>
						<line hits="0" number="213"/>
						<line hits="0" number="214"/>
						<line hits="0" number="215"/>
						<line hits="0" number="223"/>
						<line hits="1" number="225"/>
						<line branch="true" condition-coverage="100% (2/2)" hits="1" number="233"/>
						<line branch="true" condition-coverage="100% (2/2)" hits="1" number="234"/>
						<line hits="1" number="235"/>
						<line branch="true" condition-coverage="100% (2/2)" hits="1" number="241"/>
						<line branch="true" condition-coverage="100% (2/2)" hits="1" number="242"/>
						<line hits="1" number="246"/>
						<line branch="true" condition-coverage="100% (2/2)" hits="1" number="247"/>
						<line hits="1" number="248"/>
						<line hits="1" number="249"/>
						<line branch="true" condition-coverage="100% (2/2)" hits="1" number="250"/>
						<line hits="1" number="251"/>
						<line hits="1" number="252"/>
						<line hits="1" number="254"/>
						<line hits="1" number="255"/>
						<line hits="1" number="256"/>
						<line hits="1" number="257"/>
						<line branch="true" condition-coverage="100% (2/2)" hits="1" number="258"/>
						<line branch="true" condition-coverage="100% (2/2)" hits="1" number="259"/>
						<line hits="1" number="260"/>
						<line hits="1" number="265"/>
						<line hits="1" number="266"/>
						<line hits="1" number="267"/>
						<line hits="1" number="270"/>
						<line hits="1" number="275"/>
						<line hits="1" number="276"/>
						<line hits="1" number="278"/>
						<line hits="1" number="279"/>
						<line hits="1" number="281"/>
						<line hits="1" number="283"/>
						<line hits="1" number="285"/>
						<line hits="1" number="290"/>
						<line branch="true" condition-coverage="100% (2/2)" hits="1" number="291"/>
						<line branch="true" condition-coverage="50% (1/2)" hits="1" missing-branches="293" number="292"/>
						<line hits="0" number="293"/>
						<line hits="1" number="294"/>
						<line hits="1" number="295"/>
						<line branch="true" condition-coverage="100% (2/2)" hits="1" number="298"/>
						<line hits="1" number="299"/>
						<line hits="1" number="301"/>
						<line hits="1" number="303"/>
						<line branch="true" condition-coverage="100% (2/2)" hits="1" number="310"/>
						<line hits="1" number="311"/>
						<line hits="1" number="312"/>
						<line hits="1" number="313"/>
						<line hits="1" number="315"/>
						<line hits="1" number="317"/>
						<line hits="1" number="319"/>
						<line hits="1" number="321"/>
						<line hits="1" number="323"/>
						<line branch="true" condition-coverage="100% (2/2)" hits="1" number="324"/>
						<line hits="1" number="328"/>
						<line hits="1" number="330"/>
						<line hits="1" number="332"/>
						<line hits="1" number="334"/>
						<line hits="1" number="336"/>
						<line hits="1" number="338"/>
						<line hits="1" number="341"/>
						<line hits="1" number="343"/>
						<line hits="1" number="345"/>
						<line hits="1" number="347"/>
						<line branch="true" condition-coverage="100% (2/2)" hits="1" number="348"/>
						<line hits="1" number="349"/>
						<line branch="true" condition-coverage="50% (1/2)" hits="1" missing-branches="352" number="350"/>
						<line hits="1" number="351"/>
						<line hits="0" number="352"/>
						<line hits="1" number="358"/>
						<line hits="1" number="359"/>
						<line hits="1" number="361"/>
						<line branch="true" condition-coverage="100% (2/2)" hits="1" number="380"/>
						<line hits="1" number="381"/>
						<line hits="1" number="382"/>
						<line hits="1" number="383"/>
						<line branch="true" condition-coverage="100% (2/2)" hits="1" number="384"/>
						<line hits="1" number="385"/>
						<line hits="1" number="386"/>
						<line branch="true" condition-coverage="50% (1/2)" hits="1" missing-branches="389" number="387"/>
						<line hits="1" number="388"/>
						<line hits="0" number="389"/>
						<line hits="1" number="395"/>
						<line branch="true" condition-coverage="50% (1/2)" hits="1" missing-branches="418" number="414"/>
						<line hits="1" number="415"/>
						<line hits="1" number="416"/>
						<line hits="0" number="418"/>
						<line hits="1" number="424"/>
						<line branch="true" condition-coverage="100% (2/2)" hits="1" number="443"/>
						<line hits="1" number="444"/>
						<line branch="true" condition-coverage="50% (1/2)" hits="1" missing-branches="451" number="445"/>
						<line branch="true" condition-coverage="100% (2/2)" hits="1" number="446"/>
						<line branch="true" condition-coverage="50% (1/2)" hits="1" missing-branches="448" number="447"/>
						<line hits="0" number="448"/>
						<line branch="true" condition-coverage="100% (2/2)" hits="1" number="449"/>
						<line hits="0" number="451"/>
						<line hits="1" number="453"/>
						<line branch="true" condition-coverage="50% (1/2)" hits="1" missing-branches="455" number="454"/>
						<line hits="0" number="455"/>
						<line branch="true" condition-coverage="50% (1/2)" hits="1" missing-branches="459" number="456"/>
						<line hits="1" number="457"/>
						<line hits="0" number="459"/>
						<line hits="1" number="463"/>
						<line hits="1" number="464"/>
						<line hits="1" number="466"/>
						<line hits="0" number="467"/>
						<line hits="1" number="469"/>
						<line hits="0" number="470"/>
						<line hits="1" number="472"/>
						<line hits="0" number="474"/>
						<line hits="1" number="476"/>
						<line branch="true" condition-coverage="50% (1/2)" hits="1" missing-branches="485" number="484"/>
						<line hits="0" number="485"/>
						<line branch="true" condition-coverage="50% (1/2)" hits="1" missing-branches="489" number="488"/>
						<line hits="0" number="489"/>
						<line hits="1" number="491"/>
						<line hits="1" number="492"/>
						<line hits="1" number="493"/>
						<line hits="1" number="495"/>
						<line branch="true" condition-coverage="100% (2/2)" hits="1" number="518"/>
						<line hits="1" number="519"/>
						<line hits="1" number="520"/>
						<line hits="1" number="521"/>
						<line hits="1" number="522"/>
						<line hits="1" number="524"/>
						<line hits="1" number="536"/>
						<line hits="1" number="538"/>
						<line hits="1" number="564"/>
						<line hits="1" number="566"/>
						<line hits="1" number="567"/>
						<line hits="1" number="569"/>
						<line branch="true" condition-coverage="100% (2/2)" hits="1" number="579"/>
						<line hits="1" number="580"/>
						<line hits="1" number="581"/>
						<line hits="1" number="584"/>
						<line branch="true" condition-coverage="100% (2/2)" hits="1" number="586"/>
						<line hits="1" number="591"/>
						<line branch="true" condition-coverage="100% (2/2)" hits="1" number="592"/>
						<line hits="1" number="594"/>
						<line hits="1" number="603"/>
						<line hits="1" number="604"/>
						<line branch="true" condition-coverage="100% (2/2)" hits="1" number="605"/>
						<line hits="1" number="606"/>
						<line hits="1" number="607"/>
						<line branch="true" condition-coverage="100% (2/2)" hits="1" number="610"/>
						<line hits="1" number="611"/>
						<line hits="1" number="612"/>
						<line hits="1" number="613"/>
						<line hits="1" number="615"/>
						<line hits="1" number="616"/>
						<line hits="1" number="618"/>
						<line hits="1" number="619"/>
						<line branch="true" condition-coverage="100% (2/2)" hits="1" number="620"/>
						<line hits="1" number="621"/>
						<line hits="1" number="622"/>
						<line branch="true" condition-coverage="100% (2/2)" hits="1" number="625"/>
						<line hits="1" number="626"/>
						<line hits="1" number="627"/>
						<line hits="1" number="628"/>
						<line hits="1" number="629"/>
						<line hits="1" number="630"/>
						<line hits="1" number="631"/>
						<line hits="1" number="633"/>
						<line hits="1" number="635"/>
						<line hits="1" number="637"/>
						<line hits="1" number="639"/>
						<line hits="1" number="641"/>
						<line hits="1" number="643"/>
						<line hits="0" number="646"/>
						<line hits="1" number="650"/>
						<line hits="0" number="652"/>
						<line hits="0" number="653"/>
						<line hits="1" number="655"/>
						<line hits="1" number="656"/>
						<line hits="1" number="657"/>
						<line hits="1" number="658"/>
						<line hits="1" number="659"/>
						<line hits="1" number="662"/>
						<line hits="1" number="663"/>
						<line hits="1" number="666"/>
						<line branch="true" condition-coverage="100% (2/2)" hits="1" number="669"/>
						<line hits="1" number="677"/>
						<line branch="true" condition-coverage="100% (2/2)" hits="1" number="678"/>
						<line hits="1" number="679"/>
						<line branch="true" condition-coverage="50% (1/2)" hits="1" missing-branches="682" number="680"/>
						<line hits="1" number="681"/>
						<line hits="0" number="682"/>
						<line hits="1" number="688"/>
						<line hits="1" number="694"/>
						<line hits="1" number="696"/>
						<line hits="1" number="698"/>
						<line hits="1" number="700"/>
						<line hits="1" number="710"/>
						<line hits="1" number="712"/>
						<line branch="true" condition-coverage="100% (2/2)" hits="1" number="714"/>
						<line hits="1" number="715"/>
						<line hits="1" number="716"/>
						<line hits="1" number="718"/>
						<line hits="1" number="729"/>
						<line hits="1" number="731"/>
						<line branch="true" condition-coverage="50% (1/2)" hits="1" missing-branches="734" number="733"/>
						<line branch="true" condition-coverage="0% (0/2)" hits="0" missing-branches="735,737" number="734"/>
						<line hits="0" number="735"/>
						<line hits="0" number="736"/>
						<line hits="0" number="737"/>
						<line branch="true" condition-coverage="50% (1/2)" hits="1" missing-branches="739" number="738"/>
						<line hits="0" number="739"/>
						<line hits="1" number="740"/>
						<line hits="1" number="741"/>
						<line hits="1" number="743"/>
						<line hits="1" number="750"/>
						<line hits="1" number="752"/>
						<line branch="true" condition-coverage="50% (1/2)" hits="1" missing-branches="755" number="754"/>
						<line hits="0" number="755"/>
						<line hits="1" number="756"/>
						<line hits="1" number="758"/>
						<line hits="1" number="765"/>
						<line hits="1" number="767"/>
						<line branch="true" condition-coverage="50% (1/2)" hits="1" missing-branches="770" number="769"/>
						<line hits="0" number="770"/>
						<line hits="1" number="771"/>
						<line hits="1" number="773"/>
						<line hits="1" number="792"/>
						<line hits="1" number="794"/>
						<line branch="true" condition-coverage="50% (1/2)" hits="1" missing-branches="797" number="796"/>
						<line branch="true" condition-coverage="0% (0/2)" hits="0" missing-branches="exit,801" number="797"/>
						<line hits="0" number="801"/>
						<line hits="0" number="804"/>
						<line hits="1" number="805"/>
						<line hits="1" number="807"/>
						<line hits="1" number="823"/>
						<line hits="1" number="825"/>
						<line branch="true" condition-coverage="50% (1/2)" hits="1" missing-branches="828" number="827"/>
						<line branch="true" condition-coverage="0% (0/2)" hits="0" missing-branches="exit,831" number="828"/>
						<line hits="0" number="831"/>
						<line hits="0" number="834"/>
						<line hits="1" number="835"/>
						<line hits="1" number="837"/>
						<line hits="1" number="840"/>
						<line hits="1" number="842"/>
						<line branch="true" condition-coverage="50% (1/2)" hits="1" missing-branches="845" number="844"/>
						<line hits="0" number="845"/>
						<line branch="true" condition-coverage="50% (1/2)" hits="1" missing-branches="847" number="846"/>
						<line hits="0" number="847"/>
						<line hits="1" number="849"/>
						<line hits="1" number="851"/>
						<line hits="1" number="854"/>
						<line hits="1" number="856"/>
						<line hits="1" number="858"/>
						<line hits="1" number="860"/>
						<line hits="1" number="861"/>
						<line hits="1" number="863"/>
						<line hits="1" number="884"/>
						<line branch="true" condition-coverage="100% (2/2)" hits="1" number="886"/>
						<line hits="1" number="887"/>
						<line hits="1" number="889"/>
						<line hits="1" number="890"/>
						<line hits="1" number="891"/>
						<line hits="1" number="892"/>
						<line hits="1" number="893"/>
						<line hits="1" number="894"/>
						<line hits="1" number="895"/>
						<line branch="true" condition-coverage="100% (2/2)" hits="1" number="896"/>
						<line hits="1" number="897"/>
						<line hits="1" number="898"/>
						<line branch="true" condition-coverage="50% (1/2)" hits="1" missing-branches="902" number="899"/>
						<line hits="1" number="900"/>
						<line hits="0" number="902"/>
						<line branch="true" condition-coverage="100% (2/2)" hits="1" number="907"/>
						<line hits="1" number="909"/>
						<line branch="true" condition-coverage="50% (1/2)" hits="1" missing-branches="946" number="930"/>
						<line hits="1" number="931"/>
						<line hits="1" number="933"/>
						<line hits="1" number="934"/>
						<line hits="1" number="935"/>
						<line hits="1" number="936"/>
						<line branch="true" condition-coverage="100% (2/2)" hits="1" number="937"/>
						<line hits="1" number="938"/>
						<line hits="1" number="939"/>
						<line branch="true" condition-coverage="50% (1/2)" hits="1" missing-branches="941" number="940"/>
						<line hits="0" number="941"/>
						<line hits="1" number="942"/>
						<line branch="true" condition-coverage="50% (1/2)" hits="1" missing-branches="944" number="943"/>
						<line hits="0" number="944"/>
						<line hits="0" number="946"/>
						<line hits="1" number="952"/>
						<line branch="true" condition-coverage="50% (1/2)" hits="1" missing-branches="974" number="973"/>
						<line hits="0" number="974"/>
						<line branch="true" condition-coverage="100% (2/2)" hits="1" number="975"/>
						<line hits="1" number="976"/>
						<line hits="1" number="978"/>
						<line branch="true" condition-coverage="50% (1/2)" hits="1" missing-branches="980" number="979"/>
						<line hits="0" number="980"/>
						<line branch="true" condition-coverage="50% (1/2)" hits="1" missing-branches="985" number="981"/>
						<line hits="1" number="982"/>
						<line branch="true" condition-coverage="100% (2/2)" hits="1" number="983"/>
						<line hits="0" number="985"/>
						<line hits="1" number="989"/>
						<line hits="1" number="990"/>
						<line hits="1" number="992"/>
						<line hits="0" number="993"/>
						<line hits="1" number="995"/>
						<line hits="0" number="996"/>
						<line hits="1" number="998"/>
						<line hits="1" number="999"/>
						<line hits="1" number="1001"/>
						<line branch="true" condition-coverage="50% (1/2)" hits="1" missing-branches="1019" number="1018"/>
						<line hits="0" number="1019"/>
						<line branch="true" condition-coverage="50% (1/2)" hits="1" missing-branches="1025" number="1024"/>
						<line hits="0" number="1025"/>
						<line hits="1" number="1027"/>
						<line hits="1" number="1028"/>
						<line branch="true" condition-coverage="100% (2/2)" hits="1" number="1029"/>
						<line hits="1" number="1030"/>
						<line hits="1" number="1031"/>
						<line hits="1" number="1032"/>
						<line hits="1" number="1033"/>
						<line hits="1" number="1034"/>
						<line hits="1" number="1035"/>
						<line hits="1" number="1036"/>
						<line hits="1" number="1038"/>
						<line branch="true" condition-coverage="100% (2/2)" hits="1" number="1039"/>
						<line hits="1" number="1040"/>
						<line hits="1" number="1041"/>
						<line hits="1" number="1043"/>
						<line hits="1" number="1066"/>
						<line hits="1" number="1068"/>
						<line hits="1" number="1115"/>
						<line hits="1" number="1116"/>
						<line hits="1" number="1117"/>
						<line branch="true" condition-coverage="50% (1/2)" hits="1" missing-branches="1119" number="1118"/>
						<line hits="0" number="1119"/>
						<line branch="true" condition-coverage="50% (1/2)" hits="1" missing-branches="1125" number="1124"/>
						<line hits="0" number="1125"/>
						<line branch="true" condition-coverage="50% (1/2)" hits="1" missing-branches="1131" number="1130"/>
						<line hits="0" number="1131"/>
						<line branch="true" condition-coverage="100% (2/2)" hits="1" number="1137"/>
						<line hits="1" number="1138"/>
						<line hits="1" number="1139"/>
						<line hits="1" number="1140"/>
						<line hits="1" number="1141"/>
						<line branch="true" condition-coverage="100% (2/2)" hits="1" number="1142"/>
						<line branch="true" condition-coverage="50% (1/2)" hits="1" missing-branches="1147" number="1146"/>
						<line hits="0" number="1147"/>
						<line hits="1" number="1152"/>
						<line branch="true" condition-coverage="100% (2/2)" hits="1" number="1153"/>
						<line hits="1" number="1154"/>
						<line hits="1" number="1155"/>
						<line branch="true" condition-coverage="50% (1/2)" hits="1" missing-branches="1167" number="1156"/>
						<line hits="1" number="1157"/>
						<line hits="1" number="1158"/>
						<line hits="1" number="1159"/>
						<line hits="1" number="1160"/>
						<line hits="1" number="1161"/>
						<line hits="1" number="1162"/>
						<line branch="true" condition-coverage="50% (1/2)" hits="1" missing-branches="1164" number="1163"/>
						<line hits="0" number="1164"/>
						<line branch="true" condition-coverage="0% (0/2)" hits="0" missing-branches="1168,1169" number="1167"/>
						<line hits="0" number="1168"/>
						<line hits="0" number="1169"/>
						<line hits="1" number="1175"/>
						<line hits="1" number="1202"/>
					</lines>
				</class>
				<class branch-rate="0.75" complexity="0" filename="meta.py" line-rate="0.8095" name="meta.py">
					<methods/>
					<lines>
						<line hits="1" number="1"/>
						<line hits="1" number="2"/>
						<line branch="true" condition-coverage="100% (2/2)" hits="1" number="5"/>
						<line hits="1" number="6"/>
						<line branch="true" condition-coverage="100% (2/2)" hits="1" number="7"/>
						<line hits="1" number="8"/>
						<line hits="1" number="9"/>
						<line hits="1" number="11"/>
						<line hits="1" number="12"/>
						<line hits="1" number="13"/>
						<line hits="1" number="15"/>
						<line branch="true" condition-coverage="100% (2/2)" hits="1" number="19"/>
						<line hits="1" number="20"/>
						<line branch="true" condition-coverage="50% (1/2)" hits="1" missing-branches="22" number="21"/>
						<line branch="true" condition-coverage="0% (0/2)" hits="0" missing-branches="exit,23" number="22"/>
						<line hits="0" number="23"/>
						<line hits="0" number="28"/>
						<line branch="true" condition-coverage="100% (2/2)" hits="1" number="31"/>
						<line hits="1" number="32"/>
						<line hits="1" number="33"/>
						<line hits="0" number="36"/>
					</lines>
				</class>
				<class branch-rate="1" complexity="0" filename="styles.py" line-rate="1" name="styles.py">
					<methods/>
					<lines>
						<line hits="1" number="2"/>
						<line branch="true" condition-coverage="100% (2/2)" hits="1" number="5"/>
						<line hits="1" number="6"/>
						<line hits="1" number="7"/>
						<line hits="1" number="8"/>
						<line hits="1" number="9"/>
						<line hits="1" number="10"/>
						<line hits="1" number="11"/>
						<line hits="1" number="12"/>
						<line hits="1" number="13"/>
						<line hits="1" number="14"/>
						<line hits="1" number="15"/>
						<line hits="1" number="16"/>
						<line hits="1" number="17"/>
						<line hits="1" number="18"/>
						<line hits="1" number="19"/>
						<line hits="1" number="20"/>
						<line hits="1" number="21"/>
						<line hits="1" number="22"/>
						<line hits="1" number="23"/>
						<line hits="1" number="24"/>
						<line branch="true" condition-coverage="100% (2/2)" hits="1" number="27"/>
						<line hits="1" number="28"/>
						<line hits="1" number="29"/>
						<line hits="1" number="30"/>
						<line hits="1" number="31"/>
						<line hits="1" number="32"/>
						<line hits="1" number="33"/>
						<line hits="1" number="34"/>
						<line hits="1" number="35"/>
						<line hits="1" number="36"/>
						<line hits="1" number="37"/>
						<line hits="1" number="38"/>
						<line hits="1" number="39"/>
						<line hits="1" number="40"/>
						<line hits="1" number="41"/>
						<line hits="1" number="42"/>
						<line hits="1" number="43"/>
						<line hits="1" number="44"/>
						<line hits="1" number="45"/>
						<line hits="1" number="46"/>
						<line hits="1" number="49"/>
						<line branch="true" condition-coverage="100% (2/2)" hits="1" number="53"/>
						<line hits="1" number="54"/>
						<line hits="1" number="55"/>
						<line branch="true" condition-coverage="100% (2/2)" hits="1" number="58"/>
						<line hits="1" number="59"/>
						<line hits="1" number="60"/>
						<line hits="1" number="61"/>
						<line hits="1" number="62"/>
						<line hits="1" number="63"/>
						<line hits="1" number="64"/>
						<line hits="1" number="65"/>
						<line hits="1" number="66"/>
						<line hits="1" number="67"/>
						<line hits="1" number="68"/>
						<line hits="1" number="69"/>
						<line hits="1" number="70"/>
						<line hits="1" number="71"/>
						<line hits="1" number="72"/>
						<line branch="true" condition-coverage="100% (2/2)" hits="1" number="75"/>
						<line hits="1" number="76"/>
						<line hits="1" number="77"/>
						<line hits="1" number="78"/>
						<line hits="1" number="79"/>
						<line hits="1" number="80"/>
						<line hits="1" number="81"/>
						<line branch="true" condition-coverage="100% (2/2)" hits="1" number="84"/>
						<line hits="1" number="85"/>
						<line hits="1" number="86"/>
						<line hits="1" number="87"/>
						<line hits="1" number="88"/>
						<line hits="1" number="89"/>
						<line hits="1" number="90"/>
						<line hits="1" number="91"/>
						<line branch="true" condition-coverage="100% (2/2)" hits="1" number="94"/>
						<line hits="1" number="95"/>
						<line hits="1" number="96"/>
						<line hits="1" number="97"/>
						<line branch="true" condition-coverage="100% (2/2)" hits="1" number="100"/>
						<line hits="1" number="101"/>
						<line hits="1" number="102"/>
						<line hits="1" number="103"/>
						<line hits="1" number="104"/>
						<line hits="1" number="105"/>
						<line hits="1" number="106"/>
						<line hits="1" number="107"/>
						<line hits="1" number="108"/>
						<line hits="1" number="109"/>
						<line hits="1" number="110"/>
						<line hits="1" number="111"/>
						<line hits="1" number="112"/>
						<line hits="1" number="113"/>
						<line hits="1" number="114"/>
						<line hits="1" number="115"/>
						<line hits="1" number="116"/>
						<line hits="1" number="117"/>
						<line hits="1" number="118"/>
						<line hits="1" number="119"/>
						<line branch="true" condition-coverage="100% (2/2)" hits="1" number="122"/>
						<line hits="1" number="123"/>
						<line hits="1" number="124"/>
						<line hits="1" number="125"/>
						<line hits="1" number="126"/>
						<line hits="1" number="127"/>
						<line hits="1" number="128"/>
						<line hits="1" number="129"/>
						<line hits="1" number="130"/>
						<line hits="1" number="131"/>
						<line hits="1" number="132"/>
						<line hits="1" number="133"/>
						<line hits="1" number="134"/>
						<line hits="1" number="135"/>
						<line hits="1" number="136"/>
						<line hits="1" number="137"/>
						<line hits="1" number="138"/>
						<line hits="1" number="139"/>
						<line hits="1" number="140"/>
						<line hits="1" number="141"/>
						<line branch="true" condition-coverage="100% (2/2)" hits="1" number="144"/>
						<line hits="1" number="145"/>
						<line hits="1" number="146"/>
						<line hits="1" number="147"/>
						<line hits="1" number="148"/>
						<line branch="true" condition-coverage="100% (2/2)" hits="1" number="151"/>
						<line hits="1" number="152"/>
						<line hits="1" number="153"/>
						<line hits="1" number="154"/>
						<line hits="1" number="155"/>
						<line hits="1" number="156"/>
						<line hits="1" number="157"/>
						<line hits="1" number="158"/>
						<line hits="1" number="159"/>
						<line hits="1" number="160"/>
						<line hits="1" number="161"/>
						<line hits="1" number="162"/>
						<line hits="1" number="163"/>
						<line hits="1" number="164"/>
						<line hits="1" number="165"/>
					</lines>
				</class>
				<class branch-rate="0.5714" complexity="0" filename="utils.py" line-rate="0.8537" name="utils.py">
					<methods/>
					<lines>
						<line hits="1" number="3"/>
						<line hits="1" number="4"/>
						<line hits="1" number="6"/>
						<line hits="1" number="7"/>
						<line hits="1" number="10"/>
						<line hits="1" number="16"/>
						<line branch="true" condition-coverage="100% (2/2)" hits="1" number="18"/>
						<line hits="1" number="19"/>
						<line hits="1" number="24"/>
						<line hits="1" number="25"/>
						<line branch="true" condition-coverage="50% (1/2)" hits="1" missing-branches="33" number="26"/>
						<line hits="1" number="27"/>
						<line hits="1" number="28"/>
						<line hits="1" number="29"/>
						<line hits="1" number="30"/>
						<line hits="0" number="32"/>
						<line hits="0" number="33"/>
						<line hits="0" number="34"/>
						<line hits="1" number="36"/>
						<line hits="1" number="39"/>
						<line branch="true" condition-coverage="50% (1/2)" hits="1" missing-branches="41" number="40"/>
						<line branch="true" condition-coverage="0% (0/2)" hits="0" missing-branches="exit,42" number="41"/>
						<line hits="0" number="42"/>
						<line hits="1" number="47"/>
						<line hits="1" number="50"/>
						<line branch="true" condition-coverage="100% (2/2)" hits="1" number="52"/>
						<line hits="1" number="53"/>
						<line branch="true" condition-coverage="50% (1/2)" hits="1" missing-branches="56" number="54"/>
						<line hits="1" number="55"/>
						<line branch="true" condition-coverage="50% (1/2)" hits="1" missing-branches="57" number="56"/>
						<line hits="0" number="57"/>
						<line hits="1" number="58"/>
						<line hits="1" number="59"/>
						<line hits="1" number="60"/>
						<line hits="1" number="62"/>
						<line hits="1" number="65"/>
						<line hits="1" number="67"/>
						<line hits="1" number="68"/>
						<line hits="1" number="71"/>
						<line hits="1" number="72"/>
						<line hits="1" number="73"/>
					</lines>
				</class>
			</classes>
		</package>
	</packages>
</coverage>
